This is pdfTeX, Version 3.14159265-2.6-1.40.19 (TeX Live 2018/W32TeX) (preloaded format=pdflatex 2018.8.4)  3 DEC 2018 17:51
entering extended mode
 restricted \write18 enabled.
 %&-line parsing enabled.
**HW4_writeup.tex
(./HW4_writeup.tex
LaTeX2e <2018-04-01> patch level 5
(c:/texlive/2018/texmf-dist/tex/latex/base/article.cls
Document Class: article 2014/09/29 v1.4h Standard LaTeX document class
(c:/texlive/2018/texmf-dist/tex/latex/base/size11.clo
File: size11.clo 2014/09/29 v1.4h Standard LaTeX file (size option)
)
\c@part=\count80
\c@section=\count81
\c@subsection=\count82
\c@subsubsection=\count83
\c@paragraph=\count84
\c@subparagraph=\count85
\c@figure=\count86
\c@table=\count87
\abovecaptionskip=\skip41
\belowcaptionskip=\skip42
\bibindent=\dimen102
)
(c:/texlive/2018/texmf-dist/tex/latex/datetime2/datetime2.sty
Package: datetime2 2018/07/20 v1.5.3 (NLCT) date and time formats

(c:/texlive/2018/texmf-dist/tex/latex/tracklang/tracklang.sty
Package: tracklang 2018/05/13 v1.3.6 (NLCT) Track Languages

(c:/texlive/2018/texmf-dist/tex/generic/tracklang/tracklang.tex))
(c:/texlive/2018/texmf-dist/tex/latex/etoolbox/etoolbox.sty
Package: etoolbox 2018/02/11 v2.5e e-TeX tools for LaTeX (JAW)
\etb@tempcnta=\count88
)
(c:/texlive/2018/texmf-dist/tex/latex/xkeyval/xkeyval.sty
Package: xkeyval 2014/12/03 v2.7a package option processing (HA)

(c:/texlive/2018/texmf-dist/tex/generic/xkeyval/xkeyval.tex
(c:/texlive/2018/texmf-dist/tex/generic/xkeyval/xkvutils.tex
\XKV@toks=\toks14
\XKV@tempa@toks=\toks15

(c:/texlive/2018/texmf-dist/tex/generic/xkeyval/keyval.tex))
\XKV@depth=\count89
File: xkeyval.tex 2014/12/03 v2.7a key=value parser (HA)
)))
(c:/texlive/2018/texmf-dist/tex/latex/amsmath/amsmath.sty
Package: amsmath 2017/09/02 v2.17a AMS math features
\@mathmargin=\skip43

For additional information on amsmath, use the `?' option.
(c:/texlive/2018/texmf-dist/tex/latex/amsmath/amstext.sty
Package: amstext 2000/06/29 v2.01 AMS text

(c:/texlive/2018/texmf-dist/tex/latex/amsmath/amsgen.sty
File: amsgen.sty 1999/11/30 v2.0 generic functions
\@emptytoks=\toks16
\ex@=\dimen103
))
(c:/texlive/2018/texmf-dist/tex/latex/amsmath/amsbsy.sty
Package: amsbsy 1999/11/29 v1.2d Bold Symbols
\pmbraise@=\dimen104
)
(c:/texlive/2018/texmf-dist/tex/latex/amsmath/amsopn.sty
Package: amsopn 2016/03/08 v2.02 operator names
)
\inf@bad=\count90
LaTeX Info: Redefining \frac on input line 213.
\uproot@=\count91
\leftroot@=\count92
LaTeX Info: Redefining \overline on input line 375.
\classnum@=\count93
\DOTSCASE@=\count94
LaTeX Info: Redefining \ldots on input line 472.
LaTeX Info: Redefining \dots on input line 475.
LaTeX Info: Redefining \cdots on input line 596.
\Mathstrutbox@=\box26
\strutbox@=\box27
\big@size=\dimen105
LaTeX Font Info:    Redeclaring font encoding OML on input line 712.
LaTeX Font Info:    Redeclaring font encoding OMS on input line 713.
\macc@depth=\count95
\c@MaxMatrixCols=\count96
\dotsspace@=\muskip10
\c@parentequation=\count97
\dspbrk@lvl=\count98
\tag@help=\toks17
\row@=\count99
\column@=\count100
\maxfields@=\count101
\andhelp@=\toks18
\eqnshift@=\dimen106
\alignsep@=\dimen107
\tagshift@=\dimen108
\tagwidth@=\dimen109
\totwidth@=\dimen110
\lineht@=\dimen111
\@envbody=\toks19
\multlinegap=\skip44
\multlinetaggap=\skip45
\mathdisplay@stack=\toks20
LaTeX Info: Redefining \[ on input line 2817.
LaTeX Info: Redefining \] on input line 2818.
)
(c:/texlive/2018/texmf-dist/tex/latex/amsfonts/amssymb.sty
Package: amssymb 2013/01/14 v3.01 AMS font symbols

(c:/texlive/2018/texmf-dist/tex/latex/amsfonts/amsfonts.sty
Package: amsfonts 2013/01/14 v3.01 Basic AMSFonts support
\symAMSa=\mathgroup4
\symAMSb=\mathgroup5
LaTeX Font Info:    Overwriting math alphabet `\mathfrak' in version `bold'
(Font)                  U/euf/m/n --> U/euf/b/n on input line 106.
))
(c:/texlive/2018/texmf-dist/tex/latex/listings/listings.sty
\lst@mode=\count102
\lst@gtempboxa=\box28
\lst@token=\toks21
\lst@length=\count103
\lst@currlwidth=\dimen112
\lst@column=\count104
\lst@pos=\count105
\lst@lostspace=\dimen113
\lst@width=\dimen114
\lst@newlines=\count106
\lst@lineno=\count107
\lst@maxwidth=\dimen115

(c:/texlive/2018/texmf-dist/tex/latex/listings/lstmisc.sty
File: lstmisc.sty 2015/06/04 1.6 (Carsten Heinz)
\c@lstnumber=\count108
\lst@skipnumbers=\count109
\lst@framebox=\box29
)
(c:/texlive/2018/texmf-dist/tex/latex/listings/listings.cfg
File: listings.cfg 2015/06/04 1.6 listings configuration
))
Package: listings 2015/06/04 1.6 (Carsten Heinz)

(c:/texlive/2018/texmf-dist/tex/latex/graphics/color.sty
Package: color 2016/07/10 v1.1e Standard LaTeX Color (DPC)

(c:/texlive/2018/texmf-dist/tex/latex/graphics-cfg/color.cfg
File: color.cfg 2016/01/02 v1.6 sample color configuration
)
Package color Info: Driver file: pdftex.def on input line 147.

(c:/texlive/2018/texmf-dist/tex/latex/graphics-def/pdftex.def
File: pdftex.def 2018/01/08 v1.0l Graphics/color driver for pdftex
))
(c:/texlive/2018/texmf-dist/tex/latex/graphics/graphicx.sty
Package: graphicx 2017/06/01 v1.1a Enhanced LaTeX Graphics (DPC,SPQR)

(c:/texlive/2018/texmf-dist/tex/latex/graphics/graphics.sty
Package: graphics 2017/06/25 v1.2c Standard LaTeX Graphics (DPC,SPQR)

(c:/texlive/2018/texmf-dist/tex/latex/graphics/trig.sty
Package: trig 2016/01/03 v1.10 sin cos tan (DPC)
)
(c:/texlive/2018/texmf-dist/tex/latex/graphics-cfg/graphics.cfg
File: graphics.cfg 2016/06/04 v1.11 sample graphics configuration
)
Package graphics Info: Driver file: pdftex.def on input line 99.
)
\Gin@req@height=\dimen116
\Gin@req@width=\dimen117
)
(c:/texlive/2018/texmf-dist/tex/latex/oberdiek/epstopdf.sty
Package: epstopdf 2016/05/15 v2.6 Conversion with epstopdf on the fly (HO)

(c:/texlive/2018/texmf-dist/tex/latex/oberdiek/epstopdf-base.sty
Package: epstopdf-base 2016/05/15 v2.6 Base part for package epstopdf

(c:/texlive/2018/texmf-dist/tex/generic/oberdiek/infwarerr.sty
Package: infwarerr 2016/05/16 v1.4 Providing info/warning/error messages (HO)
)
(c:/texlive/2018/texmf-dist/tex/latex/oberdiek/grfext.sty
Package: grfext 2016/05/16 v1.2 Manage graphics extensions (HO)

(c:/texlive/2018/texmf-dist/tex/generic/oberdiek/kvdefinekeys.sty
Package: kvdefinekeys 2016/05/16 v1.4 Define keys (HO)

(c:/texlive/2018/texmf-dist/tex/generic/oberdiek/ltxcmds.sty
Package: ltxcmds 2016/05/16 v1.23 LaTeX kernel commands for general use (HO)
)))
(c:/texlive/2018/texmf-dist/tex/latex/oberdiek/kvoptions.sty
Package: kvoptions 2016/05/16 v3.12 Key value format for package options (HO)

(c:/texlive/2018/texmf-dist/tex/generic/oberdiek/kvsetkeys.sty
Package: kvsetkeys 2016/05/16 v1.17 Key value parser (HO)

(c:/texlive/2018/texmf-dist/tex/generic/oberdiek/etexcmds.sty
Package: etexcmds 2016/05/16 v1.6 Avoid name clashes with e-TeX commands (HO)

(c:/texlive/2018/texmf-dist/tex/generic/oberdiek/ifluatex.sty
Package: ifluatex 2016/05/16 v1.4 Provides the ifluatex switch (HO)
Package ifluatex Info: LuaTeX not detected.
)
Package etexcmds Info: Could not find \expanded.
(etexcmds)             That can mean that you are not using pdfTeX 1.50 or
(etexcmds)             that some package has redefined \expanded.
(etexcmds)             In the latter case, load this package earlier.
)))
(c:/texlive/2018/texmf-dist/tex/generic/oberdiek/pdftexcmds.sty
Package: pdftexcmds 2018/01/30 v0.27 Utility functions of pdfTeX for LuaTeX (HO
)

(c:/texlive/2018/texmf-dist/tex/generic/oberdiek/ifpdf.sty
Package: ifpdf 2017/03/15 v3.2 Provides the ifpdf switch
)
Package pdftexcmds Info: LuaTeX not detected.
Package pdftexcmds Info: \pdf@primitive is available.
Package pdftexcmds Info: \pdf@ifprimitive is available.
Package pdftexcmds Info: \pdfdraftmode found.
)
Package epstopdf-base Info: Redefining graphics rule for `.eps' on input line 4
38.
Package grfext Info: Graphics extension search list:
(grfext)             [.pdf,.png,.jpg,.mps,.jpeg,.jbig2,.jb2,.PDF,.PNG,.JPG,.JPE
G,.JBIG2,.JB2,.eps]
(grfext)             \AppendGraphicsExtensions on input line 456.

(c:/texlive/2018/texmf-dist/tex/latex/latexconfig/epstopdf-sys.cfg
File: epstopdf-sys.cfg 2010/07/13 v1.3 Configuration of (r)epstopdf for TeX Liv
e
)))
(./HW4_writeup.aux

LaTeX Warning: Label `' multiply defined.


LaTeX Warning: Label `' multiply defined.


LaTeX Warning: Label `' multiply defined.


LaTeX Warning: Label `' multiply defined.


LaTeX Warning: Label `' multiply defined.

)
\openout1 = `HW4_writeup.aux'.

LaTeX Font Info:    Checking defaults for OML/cmm/m/it on input line 62.
LaTeX Font Info:    ... okay on input line 62.
LaTeX Font Info:    Checking defaults for T1/cmr/m/n on input line 62.
LaTeX Font Info:    ... okay on input line 62.
LaTeX Font Info:    Checking defaults for OT1/cmr/m/n on input line 62.
LaTeX Font Info:    ... okay on input line 62.
LaTeX Font Info:    Checking defaults for OMS/cmsy/m/n on input line 62.
LaTeX Font Info:    ... okay on input line 62.
LaTeX Font Info:    Checking defaults for OMX/cmex/m/n on input line 62.
LaTeX Font Info:    ... okay on input line 62.
LaTeX Font Info:    Checking defaults for U/cmr/m/n on input line 62.
LaTeX Font Info:    ... okay on input line 62.
\c@lstlisting=\count110
 (c:/texlive/2018/texmf-dist/tex/context/base/mkii/supp-pdf.mkii
[Loading MPS to PDF converter (version 2006.09.02).]
\scratchcounter=\count111
\scratchdimen=\dimen118
\scratchbox=\box30
\nofMPsegments=\count112
\nofMParguments=\count113
\everyMPshowfont=\toks22
\MPscratchCnt=\count114
\MPscratchDim=\dimen119
\MPnumerator=\count115
\makeMPintoPDFobject=\count116
\everyMPtoPDFconversion=\toks23
) (c:/texlive/2018/texmf-dist/tex/latex/listings/lstlang1.sty
File: lstlang1.sty 2015/06/04 1.6 listings language file
)
LaTeX Font Info:    Try loading font information for U+msa on input line 80.

(c:/texlive/2018/texmf-dist/tex/latex/amsfonts/umsa.fd
File: umsa.fd 2013/01/14 v3.01 AMS symbols A
)
LaTeX Font Info:    Try loading font information for U+msb on input line 80.

(c:/texlive/2018/texmf-dist/tex/latex/amsfonts/umsb.fd
File: umsb.fd 2013/01/14 v3.01 AMS symbols B
)
Overfull \hbox (37.30373pt too wide) in paragraph at lines 87--100
 [] 
 []


Underfull \hbox (badness 10000) in paragraph at lines 102--103

 []

<CG1_1e2_dense.png, id=1, 526.96875pt x 395.22656pt>
File: CG1_1e2_dense.png Graphic file (type png)
<use CG1_1e2_dense.png>
Package pdftex.def Info: CG1_1e2_dense.png  used on input line 109.
(pdftex.def)             Requested size: 198.0011pt x 148.49905pt.
<CG1_1e2_sparse.png, id=2, 526.96875pt x 395.22656pt>
File: CG1_1e2_sparse.png Graphic file (type png)
<use CG1_1e2_sparse.png>
Package pdftex.def Info: CG1_1e2_sparse.png  used on input line 109.
(pdftex.def)             Requested size: 198.0011pt x 148.49905pt.
<CG1_1e2_sparse_zoom.png, id=3, 526.96875pt x 395.22656pt>
File: CG1_1e2_sparse_zoom.png Graphic file (type png)
<use CG1_1e2_sparse_zoom.png>
Package pdftex.def Info: CG1_1e2_sparse_zoom.png  used on input line 111.
(pdftex.def)             Requested size: 198.0011pt x 148.49905pt.
<CG1_1e2_norm.png, id=4, 526.96875pt x 395.22656pt>
File: CG1_1e2_norm.png Graphic file (type png)
<use CG1_1e2_norm.png>
Package pdftex.def Info: CG1_1e2_norm.png  used on input line 111.
(pdftex.def)             Requested size: 198.0011pt x 148.49905pt.

Overfull \hbox (38.65219pt too wide) in paragraph at lines 108--114
 [][] 
 []

<CG1_1e3_norm.png, id=5, 526.96875pt x 395.22656pt>
File: CG1_1e3_norm.png Graphic file (type png)
<use CG1_1e3_norm.png>
Package pdftex.def Info: CG1_1e3_norm.png  used on input line 121.
(pdftex.def)             Requested size: 198.0011pt x 148.49905pt.
<CG1_1e4_norm.png, id=6, 526.96875pt x 395.22656pt>
File: CG1_1e4_norm.png Graphic file (type png)
<use CG1_1e4_norm.png>
Package pdftex.def Info: CG1_1e4_norm.png  used on input line 121.
(pdftex.def)             Requested size: 198.0011pt x 148.49905pt.

Overfull \hbox (38.65219pt too wide) in paragraph at lines 120--124
 [][] 
 []

[1

{c:/texlive/2018/texmf-var/fonts/map/pdftex/updmap/pdftex.map}]

LaTeX Warning: Text page 2 contains only floats.

[2 <./CG1_1e2_dense.png (PNG copy)> <./CG1_1e2_sparse.png (PNG copy)> <./CG1_1e
2_sparse_zoom.png (PNG copy)> <./CG1_1e2_norm.png (PNG copy)> <./CG1_1e3_norm.p
ng (PNG copy)> <./CG1_1e4_norm.png (PNG copy)>]
<CG2_1e1_norm.png, id=25, 526.96875pt x 395.22656pt>
File: CG2_1e1_norm.png Graphic file (type png)
<use CG2_1e1_norm.png>
Package pdftex.def Info: CG2_1e1_norm.png  used on input line 133.
(pdftex.def)             Requested size: 198.0011pt x 148.49905pt.
<CG2_1e2_norm.png, id=26, 526.96875pt x 395.22656pt>
File: CG2_1e2_norm.png Graphic file (type png)
<use CG2_1e2_norm.png>
Package pdftex.def Info: CG2_1e2_norm.png  used on input line 133.
(pdftex.def)             Requested size: 198.0011pt x 148.49905pt.

Overfull \hbox (38.65219pt too wide) in paragraph at lines 132--136
 [][] 
 []

<CG3_1e1_norm.png, id=27, 526.96875pt x 395.22656pt>
File: CG3_1e1_norm.png Graphic file (type png)
<use CG3_1e1_norm.png>
Package pdftex.def Info: CG3_1e1_norm.png  used on input line 143.
(pdftex.def)             Requested size: 198.0011pt x 148.49905pt.
[3

 <./CG2_1e1_norm.png (PNG copy)> <./CG2_1e2_norm.png (PNG copy)> <./CG3_1e1_nor
m.png (PNG copy)>]
<Hillbert_norm_n5.png, id=31, 526.96875pt x 395.22656pt>
File: Hillbert_norm_n5.png Graphic file (type png)
<use Hillbert_norm_n5.png>
Package pdftex.def Info: Hillbert_norm_n5.png  used on input line 171.
(pdftex.def)             Requested size: 198.0011pt x 148.49905pt.
<Hillbert_norm_n8.png, id=32, 526.96875pt x 395.22656pt>
File: Hillbert_norm_n8.png Graphic file (type png)
<use Hillbert_norm_n8.png>
Package pdftex.def Info: Hillbert_norm_n8.png  used on input line 171.
(pdftex.def)             Requested size: 198.0011pt x 148.49905pt.
<Hillbert_norm_n12.png, id=33, 526.96875pt x 395.22656pt>
File: Hillbert_norm_n12.png Graphic file (type png)
<use Hillbert_norm_n12.png>
Package pdftex.def Info: Hillbert_norm_n12.png  used on input line 173.
(pdftex.def)             Requested size: 198.0011pt x 148.49905pt.
<Hillbert_norm_n20.png, id=34, 526.96875pt x 395.22656pt>
File: Hillbert_norm_n20.png Graphic file (type png)
<use Hillbert_norm_n20.png>
Package pdftex.def Info: Hillbert_norm_n20.png  used on input line 173.
(pdftex.def)             Requested size: 198.0011pt x 148.49905pt.

Overfull \hbox (38.65219pt too wide) in paragraph at lines 170--176
 [][] 
 []

[4

 <./Hillbert_norm_n5.png (PNG copy)> <./Hillbert_norm_n8.png (PNG copy)> <./Hil
lbert_norm_n12.png (PNG copy)> <./Hillbert_norm_n20.png (PNG copy)>]
<Hillbert_eig_n5.png, id=38, 526.96875pt x 395.22656pt>
File: Hillbert_eig_n5.png Graphic file (type png)
<use Hillbert_eig_n5.png>
Package pdftex.def Info: Hillbert_eig_n5.png  used on input line 184.
(pdftex.def)             Requested size: 198.0011pt x 148.49905pt.
<Hillbert_eig_n8.png, id=39, 526.96875pt x 395.22656pt>
File: Hillbert_eig_n8.png Graphic file (type png)
<use Hillbert_eig_n8.png>
Package pdftex.def Info: Hillbert_eig_n8.png  used on input line 184.
(pdftex.def)             Requested size: 198.0011pt x 148.49905pt.
<Hillbert_eig_n12.png, id=40, 526.96875pt x 395.22656pt>
File: Hillbert_eig_n12.png Graphic file (type png)
<use Hillbert_eig_n12.png>
Package pdftex.def Info: Hillbert_eig_n12.png  used on input line 186.
(pdftex.def)             Requested size: 198.0011pt x 148.49905pt.
<Hillbert_eig_n20.png, id=41, 526.96875pt x 395.22656pt>
File: Hillbert_eig_n20.png Graphic file (type png)
<use Hillbert_eig_n20.png>
Package pdftex.def Info: Hillbert_eig_n20.png  used on input line 186.
(pdftex.def)             Requested size: 198.0011pt x 148.49905pt.

Overfull \hbox (38.65219pt too wide) in paragraph at lines 183--189
 [][] 
 []

[5

 <./Hillbert_eig_n5.png (PNG copy)> <./Hillbert_eig_n8.png (PNG copy)> <./Hillb
ert_eig_n12.png (PNG copy)> <./Hillbert_eig_n20.png (PNG copy)>] (./CG.m
LaTeX Font Info:    Try loading font information for OMS+cmr on input line 4.

(c:/texlive/2018/texmf-dist/tex/latex/base/omscmr.fd
File: omscmr.fd 2014/09/29 v2.5h Standard LaTeX font definitions
)
LaTeX Font Info:    Font shape `OMS/cmr/m/n' in size <10.95> not available
(Font)              Font shape `OMS/cmsy/m/n' tried instead on input line 4.
LaTeX Font Info:    Try loading font information for OML+cmr on input line 13.

(c:/texlive/2018/texmf-dist/tex/latex/base/omlcmr.fd
File: omlcmr.fd 2014/09/29 v2.5h Standard LaTeX font definitions
)
LaTeX Font Info:    Font shape `OML/cmr/m/n' in size <10.95> not available
(Font)              Font shape `OML/cmm/m/it' tried instead on input line 13.
 [6

]) [7] (./CG2.m
[8

]) [9] (./CG3.m [10

]) [11] (./Hillbert.m [12

]) [13] (./HW4_writeup.aux)

LaTeX Warning: There were multiply-defined labels.

 ) 
Here is how much of TeX's memory you used:
 7701 strings out of 492642
 124755 string characters out of 6133163
 316119 words of memory out of 5000000
 11477 multiletter control sequences out of 15000+600000
 11973 words of font info for 45 fonts, out of 8000000 for 9000
 1141 hyphenation exceptions out of 8191
 42i,13n,72p,833b,2107s stack positions out of 5000i,500n,10000p,200000b,80000s
<c:/texlive/2018/texmf-dist/fonts/type1/public/amsfonts/cm/cmbx10.pfb><c:/tex
live/2018/texmf-dist/fonts/type1/public/amsfonts/cm/cmbx12.pfb><c:/texlive/2018
/texmf-dist/fonts/type1/public/amsfonts/cm/cmmi10.pfb><c:/texlive/2018/texmf-di
st/fonts/type1/public/amsfonts/cm/cmmi8.pfb><c:/texlive/2018/texmf-dist/fonts/t
ype1/public/amsfonts/cm/cmr10.pfb><c:/texlive/2018/texmf-dist/fonts/type1/publi
c/amsfonts/cm/cmr12.pfb><c:/texlive/2018/texmf-dist/fonts/type1/public/amsfonts
/cm/cmr17.pfb><c:/texlive/2018/texmf-dist/fonts/type1/public/amsfonts/cm/cmr6.p
fb><c:/texlive/2018/texmf-dist/fonts/type1/public/amsfonts/cm/cmr8.pfb><c:/texl
ive/2018/texmf-dist/fonts/type1/public/amsfonts/cm/cmsy10.pfb><c:/texlive/2018/
texmf-dist/fonts/type1/public/amsfonts/cm/cmsy8.pfb>
Output written on HW4_writeup.pdf (13 pages, 660598 bytes).
PDF statistics:
 108 PDF objects out of 1000 (max. 8388607)
 64 compressed objects within 1 object stream
 0 named destinations out of 1000 (max. 500000)
 86 words of extra memory for PDF output out of 10000 (max. 10000000)

