This is pdfTeX, Version 3.14159265-2.6-1.40.19 (TeX Live 2018/W32TeX) (preloaded format=pdflatex 2018.8.4)  17 NOV 2018 20:24
entering extended mode
 restricted \write18 enabled.
 %&-line parsing enabled.
**HW3_writeup.tex
(./HW3_writeup.tex
LaTeX2e <2018-04-01> patch level 5
(c:/texlive/2018/texmf-dist/tex/latex/base/article.cls
Document Class: article 2014/09/29 v1.4h Standard LaTeX document class
(c:/texlive/2018/texmf-dist/tex/latex/base/size11.clo
File: size11.clo 2014/09/29 v1.4h Standard LaTeX file (size option)
)
\c@part=\count80
\c@section=\count81
\c@subsection=\count82
\c@subsubsection=\count83
\c@paragraph=\count84
\c@subparagraph=\count85
\c@figure=\count86
\c@table=\count87
\abovecaptionskip=\skip41
\belowcaptionskip=\skip42
\bibindent=\dimen102
)
(c:/texlive/2018/texmf-dist/tex/latex/amsmath/amsmath.sty
Package: amsmath 2017/09/02 v2.17a AMS math features
\@mathmargin=\skip43

For additional information on amsmath, use the `?' option.
(c:/texlive/2018/texmf-dist/tex/latex/amsmath/amstext.sty
Package: amstext 2000/06/29 v2.01 AMS text

(c:/texlive/2018/texmf-dist/tex/latex/amsmath/amsgen.sty
File: amsgen.sty 1999/11/30 v2.0 generic functions
\@emptytoks=\toks14
\ex@=\dimen103
))
(c:/texlive/2018/texmf-dist/tex/latex/amsmath/amsbsy.sty
Package: amsbsy 1999/11/29 v1.2d Bold Symbols
\pmbraise@=\dimen104
)
(c:/texlive/2018/texmf-dist/tex/latex/amsmath/amsopn.sty
Package: amsopn 2016/03/08 v2.02 operator names
)
\inf@bad=\count88
LaTeX Info: Redefining \frac on input line 213.
\uproot@=\count89
\leftroot@=\count90
LaTeX Info: Redefining \overline on input line 375.
\classnum@=\count91
\DOTSCASE@=\count92
LaTeX Info: Redefining \ldots on input line 472.
LaTeX Info: Redefining \dots on input line 475.
LaTeX Info: Redefining \cdots on input line 596.
\Mathstrutbox@=\box26
\strutbox@=\box27
\big@size=\dimen105
LaTeX Font Info:    Redeclaring font encoding OML on input line 712.
LaTeX Font Info:    Redeclaring font encoding OMS on input line 713.
\macc@depth=\count93
\c@MaxMatrixCols=\count94
\dotsspace@=\muskip10
\c@parentequation=\count95
\dspbrk@lvl=\count96
\tag@help=\toks15
\row@=\count97
\column@=\count98
\maxfields@=\count99
\andhelp@=\toks16
\eqnshift@=\dimen106
\alignsep@=\dimen107
\tagshift@=\dimen108
\tagwidth@=\dimen109
\totwidth@=\dimen110
\lineht@=\dimen111
\@envbody=\toks17
\multlinegap=\skip44
\multlinetaggap=\skip45
\mathdisplay@stack=\toks18
LaTeX Info: Redefining \[ on input line 2817.
LaTeX Info: Redefining \] on input line 2818.
)
(c:/texlive/2018/texmf-dist/tex/latex/amsfonts/amssymb.sty
Package: amssymb 2013/01/14 v3.01 AMS font symbols

(c:/texlive/2018/texmf-dist/tex/latex/amsfonts/amsfonts.sty
Package: amsfonts 2013/01/14 v3.01 Basic AMSFonts support
\symAMSa=\mathgroup4
\symAMSb=\mathgroup5
LaTeX Font Info:    Overwriting math alphabet `\mathfrak' in version `bold'
(Font)                  U/euf/m/n --> U/euf/b/n on input line 106.
))
(c:/texlive/2018/texmf-dist/tex/latex/listings/listings.sty
(c:/texlive/2018/texmf-dist/tex/latex/graphics/keyval.sty
Package: keyval 2014/10/28 v1.15 key=value parser (DPC)
\KV@toks@=\toks19
)
\lst@mode=\count100
\lst@gtempboxa=\box28
\lst@token=\toks20
\lst@length=\count101
\lst@currlwidth=\dimen112
\lst@column=\count102
\lst@pos=\count103
\lst@lostspace=\dimen113
\lst@width=\dimen114
\lst@newlines=\count104
\lst@lineno=\count105
\lst@maxwidth=\dimen115

(c:/texlive/2018/texmf-dist/tex/latex/listings/lstmisc.sty
File: lstmisc.sty 2015/06/04 1.6 (Carsten Heinz)
\c@lstnumber=\count106
\lst@skipnumbers=\count107
\lst@framebox=\box29
)
(c:/texlive/2018/texmf-dist/tex/latex/listings/listings.cfg
File: listings.cfg 2015/06/04 1.6 listings configuration
))
Package: listings 2015/06/04 1.6 (Carsten Heinz)

(c:/texlive/2018/texmf-dist/tex/latex/graphics/color.sty
Package: color 2016/07/10 v1.1e Standard LaTeX Color (DPC)

(c:/texlive/2018/texmf-dist/tex/latex/graphics-cfg/color.cfg
File: color.cfg 2016/01/02 v1.6 sample color configuration
)
Package color Info: Driver file: pdftex.def on input line 147.

(c:/texlive/2018/texmf-dist/tex/latex/graphics-def/pdftex.def
File: pdftex.def 2018/01/08 v1.0l Graphics/color driver for pdftex
))
(c:/texlive/2018/texmf-dist/tex/latex/graphics/graphicx.sty
Package: graphicx 2017/06/01 v1.1a Enhanced LaTeX Graphics (DPC,SPQR)

(c:/texlive/2018/texmf-dist/tex/latex/graphics/graphics.sty
Package: graphics 2017/06/25 v1.2c Standard LaTeX Graphics (DPC,SPQR)

(c:/texlive/2018/texmf-dist/tex/latex/graphics/trig.sty
Package: trig 2016/01/03 v1.10 sin cos tan (DPC)
)
(c:/texlive/2018/texmf-dist/tex/latex/graphics-cfg/graphics.cfg
File: graphics.cfg 2016/06/04 v1.11 sample graphics configuration
)
Package graphics Info: Driver file: pdftex.def on input line 99.
)
\Gin@req@height=\dimen116
\Gin@req@width=\dimen117
)
(c:/texlive/2018/texmf-dist/tex/latex/oberdiek/epstopdf.sty
Package: epstopdf 2016/05/15 v2.6 Conversion with epstopdf on the fly (HO)

(c:/texlive/2018/texmf-dist/tex/latex/oberdiek/epstopdf-base.sty
Package: epstopdf-base 2016/05/15 v2.6 Base part for package epstopdf

(c:/texlive/2018/texmf-dist/tex/generic/oberdiek/infwarerr.sty
Package: infwarerr 2016/05/16 v1.4 Providing info/warning/error messages (HO)
)
(c:/texlive/2018/texmf-dist/tex/latex/oberdiek/grfext.sty
Package: grfext 2016/05/16 v1.2 Manage graphics extensions (HO)

(c:/texlive/2018/texmf-dist/tex/generic/oberdiek/kvdefinekeys.sty
Package: kvdefinekeys 2016/05/16 v1.4 Define keys (HO)

(c:/texlive/2018/texmf-dist/tex/generic/oberdiek/ltxcmds.sty
Package: ltxcmds 2016/05/16 v1.23 LaTeX kernel commands for general use (HO)
)))
(c:/texlive/2018/texmf-dist/tex/latex/oberdiek/kvoptions.sty
Package: kvoptions 2016/05/16 v3.12 Key value format for package options (HO)

(c:/texlive/2018/texmf-dist/tex/generic/oberdiek/kvsetkeys.sty
Package: kvsetkeys 2016/05/16 v1.17 Key value parser (HO)

(c:/texlive/2018/texmf-dist/tex/generic/oberdiek/etexcmds.sty
Package: etexcmds 2016/05/16 v1.6 Avoid name clashes with e-TeX commands (HO)

(c:/texlive/2018/texmf-dist/tex/generic/oberdiek/ifluatex.sty
Package: ifluatex 2016/05/16 v1.4 Provides the ifluatex switch (HO)
Package ifluatex Info: LuaTeX not detected.
)
Package etexcmds Info: Could not find \expanded.
(etexcmds)             That can mean that you are not using pdfTeX 1.50 or
(etexcmds)             that some package has redefined \expanded.
(etexcmds)             In the latter case, load this package earlier.
)))
(c:/texlive/2018/texmf-dist/tex/generic/oberdiek/pdftexcmds.sty
Package: pdftexcmds 2018/01/30 v0.27 Utility functions of pdfTeX for LuaTeX (HO
)

(c:/texlive/2018/texmf-dist/tex/generic/oberdiek/ifpdf.sty
Package: ifpdf 2017/03/15 v3.2 Provides the ifpdf switch
)
Package pdftexcmds Info: LuaTeX not detected.
Package pdftexcmds Info: \pdf@primitive is available.
Package pdftexcmds Info: \pdf@ifprimitive is available.
Package pdftexcmds Info: \pdfdraftmode found.
)
Package epstopdf-base Info: Redefining graphics rule for `.eps' on input line 4
38.
Package grfext Info: Graphics extension search list:
(grfext)             [.pdf,.png,.jpg,.mps,.jpeg,.jbig2,.jb2,.PDF,.PNG,.JPG,.JPE
G,.JBIG2,.JB2,.eps]
(grfext)             \AppendGraphicsExtensions on input line 456.

(c:/texlive/2018/texmf-dist/tex/latex/latexconfig/epstopdf-sys.cfg
File: epstopdf-sys.cfg 2010/07/13 v1.3 Configuration of (r)epstopdf for TeX Liv
e
)))
(./HW3_writeup.aux

LaTeX Warning: Label `' multiply defined.

)
\openout1 = `HW3_writeup.aux'.

LaTeX Font Info:    Checking defaults for OML/cmm/m/it on input line 61.
LaTeX Font Info:    ... okay on input line 61.
LaTeX Font Info:    Checking defaults for T1/cmr/m/n on input line 61.
LaTeX Font Info:    ... okay on input line 61.
LaTeX Font Info:    Checking defaults for OT1/cmr/m/n on input line 61.
LaTeX Font Info:    ... okay on input line 61.
LaTeX Font Info:    Checking defaults for OMS/cmsy/m/n on input line 61.
LaTeX Font Info:    ... okay on input line 61.
LaTeX Font Info:    Checking defaults for OMX/cmex/m/n on input line 61.
LaTeX Font Info:    ... okay on input line 61.
LaTeX Font Info:    Checking defaults for U/cmr/m/n on input line 61.
LaTeX Font Info:    ... okay on input line 61.
\c@lstlisting=\count108
 (c:/texlive/2018/texmf-dist/tex/context/base/mkii/supp-pdf.mkii
[Loading MPS to PDF converter (version 2006.09.02).]
\scratchcounter=\count109
\scratchdimen=\dimen118
\scratchbox=\box30
\nofMPsegments=\count110
\nofMParguments=\count111
\everyMPshowfont=\toks21
\MPscratchCnt=\count112
\MPscratchDim=\dimen119
\MPnumerator=\count113
\makeMPintoPDFobject=\count114
\everyMPtoPDFconversion=\toks22
) (c:/texlive/2018/texmf-dist/tex/latex/listings/lstlang1.sty
File: lstlang1.sty 2015/06/04 1.6 listings language file
)
LaTeX Font Info:    Try loading font information for U+msa on input line 78.

(c:/texlive/2018/texmf-dist/tex/latex/amsfonts/umsa.fd
File: umsa.fd 2013/01/14 v3.01 AMS symbols A
)
LaTeX Font Info:    Try loading font information for U+msb on input line 78.

(c:/texlive/2018/texmf-dist/tex/latex/amsfonts/umsb.fd
File: umsb.fd 2013/01/14 v3.01 AMS symbols B
) [1

{c:/texlive/2018/texmf-var/fonts/map/pdftex/updmap/pdftex.map}]
Package epstopdf Info: Source file: <Trust_x0_Dk0p5.eps>
(epstopdf)                    date: 2018-11-02 13:02:19
(epstopdf)                    size: 185016 bytes
(epstopdf)             Output file: <Trust_x0_Dk0p5-eps-converted-to.pdf>
(epstopdf)                    date: 2018-11-02 13:07:56
(epstopdf)                    size: 63843 bytes
(epstopdf)             Command: <repstopdf --outfile=Trust_x0_Dk0p5-eps-convert
ed-to.pdf Trust_x0_Dk0p5.eps>
(epstopdf)             \includegraphics on input line 120.
Package epstopdf Info: Output file is already uptodate.
<Trust_x0_Dk0p5-eps-converted-to.pdf, id=16, 421.575pt x 316.18124pt>
File: Trust_x0_Dk0p5-eps-converted-to.pdf Graphic file (type pdf)
<use Trust_x0_Dk0p5-eps-converted-to.pdf>
Package pdftex.def Info: Trust_x0_Dk0p5-eps-converted-to.pdf  used on input lin
e 120.
(pdftex.def)             Requested size: 198.0011pt x 148.50388pt.
Package epstopdf Info: Source file: <Trust_x0_Dk1.eps>
(epstopdf)                    date: 2018-11-02 13:04:08
(epstopdf)                    size: 182824 bytes
(epstopdf)             Output file: <Trust_x0_Dk1-eps-converted-to.pdf>
(epstopdf)                    date: 2018-11-02 13:07:58
(epstopdf)                    size: 63212 bytes
(epstopdf)             Command: <repstopdf --outfile=Trust_x0_Dk1-eps-converted
-to.pdf Trust_x0_Dk1.eps>
(epstopdf)             \includegraphics on input line 120.
Package epstopdf Info: Output file is already uptodate.
<Trust_x0_Dk1-eps-converted-to.pdf, id=17, 421.575pt x 316.18124pt>
File: Trust_x0_Dk1-eps-converted-to.pdf Graphic file (type pdf)
<use Trust_x0_Dk1-eps-converted-to.pdf>
Package pdftex.def Info: Trust_x0_Dk1-eps-converted-to.pdf  used on input line 
120.
(pdftex.def)             Requested size: 198.0011pt x 148.50388pt.
Package epstopdf Info: Source file: <Trust_x0_Dk1p5.eps>
(epstopdf)                    date: 2018-11-02 13:06:22
(epstopdf)                    size: 184969 bytes
(epstopdf)             Output file: <Trust_x0_Dk1p5-eps-converted-to.pdf>
(epstopdf)                    date: 2018-11-02 13:07:59
(epstopdf)                    size: 63714 bytes
(epstopdf)             Command: <repstopdf --outfile=Trust_x0_Dk1p5-eps-convert
ed-to.pdf Trust_x0_Dk1p5.eps>
(epstopdf)             \includegraphics on input line 122.
Package epstopdf Info: Output file is already uptodate.
<Trust_x0_Dk1p5-eps-converted-to.pdf, id=18, 421.575pt x 316.18124pt>
File: Trust_x0_Dk1p5-eps-converted-to.pdf Graphic file (type pdf)
<use Trust_x0_Dk1p5-eps-converted-to.pdf>
Package pdftex.def Info: Trust_x0_Dk1p5-eps-converted-to.pdf  used on input lin
e 122.
(pdftex.def)             Requested size: 198.0011pt x 148.50388pt.
Package epstopdf Info: Source file: <Trust_x0_Dk2.eps>
(epstopdf)                    date: 2018-11-02 13:07:27
(epstopdf)                    size: 182927 bytes
(epstopdf)             Output file: <Trust_x0_Dk2-eps-converted-to.pdf>
(epstopdf)                    date: 2018-11-02 13:08:01
(epstopdf)                    size: 63071 bytes
(epstopdf)             Command: <repstopdf --outfile=Trust_x0_Dk2-eps-converted
-to.pdf Trust_x0_Dk2.eps>
(epstopdf)             \includegraphics on input line 122.
Package epstopdf Info: Output file is already uptodate.
<Trust_x0_Dk2-eps-converted-to.pdf, id=19, 421.575pt x 316.18124pt>
File: Trust_x0_Dk2-eps-converted-to.pdf Graphic file (type pdf)
<use Trust_x0_Dk2-eps-converted-to.pdf>
Package pdftex.def Info: Trust_x0_Dk2-eps-converted-to.pdf  used on input line 
122.
(pdftex.def)             Requested size: 198.0011pt x 148.50388pt.

Overfull \hbox (38.65219pt too wide) in paragraph at lines 119--125
 [][] 
 []

[2 <./Trust_x0_Dk0p5-eps-converted-to.pdf> <./Trust_x0_Dk1-eps-converted-to.pdf
> <./Trust_x0_Dk1p5-eps-converted-to.pdf> <./Trust_x0_Dk2-eps-converted-to.pdf>
]
Package epstopdf Info: Source file: <Trust_x1_Dk0p5.eps>
(epstopdf)                    date: 2018-11-02 12:54:15
(epstopdf)                    size: 159453 bytes
(epstopdf)             Output file: <Trust_x1_Dk0p5-eps-converted-to.pdf>
(epstopdf)                    date: 2018-11-02 13:08:03
(epstopdf)                    size: 55185 bytes
(epstopdf)             Command: <repstopdf --outfile=Trust_x1_Dk0p5-eps-convert
ed-to.pdf Trust_x1_Dk0p5.eps>
(epstopdf)             \includegraphics on input line 155.
Package epstopdf Info: Output file is already uptodate.
<Trust_x1_Dk0p5-eps-converted-to.pdf, id=59, 421.575pt x 316.18124pt>
File: Trust_x1_Dk0p5-eps-converted-to.pdf Graphic file (type pdf)
<use Trust_x1_Dk0p5-eps-converted-to.pdf>
Package pdftex.def Info: Trust_x1_Dk0p5-eps-converted-to.pdf  used on input lin
e 155.
(pdftex.def)             Requested size: 198.0011pt x 148.50388pt.
Package epstopdf Info: Source file: <Trust_x1_Dk1.eps>
(epstopdf)                    date: 2018-11-02 12:57:27
(epstopdf)                    size: 144447 bytes
(epstopdf)             Output file: <Trust_x1_Dk1-eps-converted-to.pdf>
(epstopdf)                    date: 2018-11-02 13:08:04
(epstopdf)                    size: 50239 bytes
(epstopdf)             Command: <repstopdf --outfile=Trust_x1_Dk1-eps-converted
-to.pdf Trust_x1_Dk1.eps>
(epstopdf)             \includegraphics on input line 155.
Package epstopdf Info: Output file is already uptodate.
<Trust_x1_Dk1-eps-converted-to.pdf, id=60, 421.575pt x 316.18124pt>
File: Trust_x1_Dk1-eps-converted-to.pdf Graphic file (type pdf)
<use Trust_x1_Dk1-eps-converted-to.pdf>
Package pdftex.def Info: Trust_x1_Dk1-eps-converted-to.pdf  used on input line 
155.
(pdftex.def)             Requested size: 198.0011pt x 148.50388pt.
Package epstopdf Info: Source file: <Trust_x1_Dk1p5.eps>
(epstopdf)                    date: 2018-11-02 12:58:42
(epstopdf)                    size: 141430 bytes
(epstopdf)             Output file: <Trust_x1_Dk1p5-eps-converted-to.pdf>
(epstopdf)                    date: 2018-11-02 13:08:06
(epstopdf)                    size: 48866 bytes
(epstopdf)             Command: <repstopdf --outfile=Trust_x1_Dk1p5-eps-convert
ed-to.pdf Trust_x1_Dk1p5.eps>
(epstopdf)             \includegraphics on input line 157.
Package epstopdf Info: Output file is already uptodate.
<Trust_x1_Dk1p5-eps-converted-to.pdf, id=61, 421.575pt x 316.18124pt>
File: Trust_x1_Dk1p5-eps-converted-to.pdf Graphic file (type pdf)
<use Trust_x1_Dk1p5-eps-converted-to.pdf>
Package pdftex.def Info: Trust_x1_Dk1p5-eps-converted-to.pdf  used on input lin
e 157.
(pdftex.def)             Requested size: 198.0011pt x 148.50388pt.
Package epstopdf Info: Source file: <Trust_x1_Dk2.eps>
(epstopdf)                    date: 2018-11-02 12:59:56
(epstopdf)                    size: 141400 bytes
(epstopdf)             Output file: <Trust_x1_Dk2-eps-converted-to.pdf>
(epstopdf)                    date: 2018-11-02 13:08:08
(epstopdf)                    size: 48751 bytes
(epstopdf)             Command: <repstopdf --outfile=Trust_x1_Dk2-eps-converted
-to.pdf Trust_x1_Dk2.eps>
(epstopdf)             \includegraphics on input line 157.
Package epstopdf Info: Output file is already uptodate.
<Trust_x1_Dk2-eps-converted-to.pdf, id=62, 421.575pt x 316.18124pt>
File: Trust_x1_Dk2-eps-converted-to.pdf Graphic file (type pdf)
<use Trust_x1_Dk2-eps-converted-to.pdf>
Package pdftex.def Info: Trust_x1_Dk2-eps-converted-to.pdf  used on input line 
157.
(pdftex.def)             Requested size: 198.0011pt x 148.50388pt.

Overfull \hbox (38.65219pt too wide) in paragraph at lines 154--160
 [][] 
 []

[3] [4 <./Trust_x1_Dk0p5-eps-converted-to.pdf> <./Trust_x1_Dk1-eps-converted-to
.pdf> <./Trust_x1_Dk1p5-eps-converted-to.pdf> <./Trust_x1_Dk2-eps-converted-to.
pdf>] (./trust.m
LaTeX Font Info:    Try loading font information for OML+cmr on input line 17.
 (c:/texlive/2018/texmf-dist/tex/latex/base/omlcmr.fd
File: omlcmr.fd 2014/09/29 v2.5h Standard LaTeX font definitions
)
LaTeX Font Info:    Font shape `OML/cmr/m/n' in size <10.95> not available
(Font)              Font shape `OML/cmm/m/it' tried instead on input line 17.
LaTeX Font Info:    Try loading font information for OMS+cmr on input line 21.

(c:/texlive/2018/texmf-dist/tex/latex/base/omscmr.fd
File: omscmr.fd 2014/09/29 v2.5h Standard LaTeX font definitions
)
LaTeX Font Info:    Font shape `OMS/cmr/m/n' in size <10.95> not available
(Font)              Font shape `OMS/cmsy/m/n' tried instead on input line 21.
 [5

] [6]) [7]
(./HW3_writeup.aux)

LaTeX Warning: There were multiply-defined labels.

 ) 
Here is how much of TeX's memory you used:
 4825 strings out of 492642
 62596 string characters out of 6133163
 268193 words of memory out of 5000000
 8632 multiletter control sequences out of 15000+600000
 11666 words of font info for 44 fonts, out of 8000000 for 9000
 1141 hyphenation exceptions out of 8191
 42i,12n,40p,355b,2107s stack positions out of 5000i,500n,10000p,200000b,80000s
<c:/texlive/2018/texmf-dist/fonts/type1/public/amsfonts/cm/cmbx10.pfb><c:/tex
live/2018/texmf-dist/fonts/type1/public/amsfonts/cm/cmbx12.pfb><c:/texlive/2018
/texmf-dist/fonts/type1/public/amsfonts/cm/cmbx8.pfb><c:/texlive/2018/texmf-dis
t/fonts/type1/public/amsfonts/cm/cmmi10.pfb><c:/texlive/2018/texmf-dist/fonts/t
ype1/public/amsfonts/cm/cmmi8.pfb><c:/texlive/2018/texmf-dist/fonts/type1/publi
c/amsfonts/cm/cmr10.pfb><c:/texlive/2018/texmf-dist/fonts/type1/public/amsfonts
/cm/cmr12.pfb><c:/texlive/2018/texmf-dist/fonts/type1/public/amsfonts/cm/cmr17.
pfb><c:/texlive/2018/texmf-dist/fonts/type1/public/amsfonts/cm/cmr6.pfb><c:/tex
live/2018/texmf-dist/fonts/type1/public/amsfonts/cm/cmr8.pfb><c:/texlive/2018/t
exmf-dist/fonts/type1/public/amsfonts/cm/cmsy10.pfb>
Output written on HW3_writeup.pdf (7 pages, 559127 bytes).
PDF statistics:
 152 PDF objects out of 1000 (max. 8388607)
 99 compressed objects within 1 object stream
 0 named destinations out of 1000 (max. 500000)
 41 words of extra memory for PDF output out of 10000 (max. 10000000)

